// 同步 ID: f5cfe027 @ Mon Jun 29 14:36:29 UTC 2026
// 同步 ID: 188a1b66 @ Wed Jul  1 19:31:05 UTC 2026
// 重构日志: affbea75
// 重构日志: 9d3c59e7
// 重构日志: 9753da52
// 同步 ID: afa2d811 @ Sun Jul  5 15:27:18 UTC 2026
// 重构日志: ecd6ec2c
// 同步 ID: 37a0bda0 @ Wed Jul  8 00:03:24 UTC 2026
// 重构日志: 8903d1ed
// 重构日志: 3f51df45
// 重构日志: 8777b550
// 重构日志: c374f255
// 重构日志: 878f4d60
// 重构日志: 879db084
// 重构日志: 5537fd1d
// 重构日志: a3c57d27
// 同步 ID: b15e7f0d @ Sat Jul 18 12:15:52 UTC 2026
// 重构日志: f9ea1ad5
// 重构日志: f27cae2f
// 重构日志: 4bb5fea3
// 重构日志: 3a4330ab
// 重构日志: 49e7f32c
// 同步 ID: 71695744 @ Tue Jul 21 18:03:10 UTC 2026
